[INFO] Scanning for projects...
[WARNING] 
[WARNING] Some problems were encountered while building the effective model for com.zyx:graphyQL-test:jar:1.0-SNAPSHOT
[WARNING] 'build.plugins.plugin.version' for org.apache.maven.plugins:maven-compiler-plugin is missing. @ line 77, column 21
[WARNING] 
[WARNING] It is highly recommended to fix these problems because they threaten the stability of your build.
[WARNING] 
[WARNING] For this reason, future Maven versions might no longer support building such malformed projects.
[WARNING] 
Downloading: http://mvn2.qdingnet.com/nexus/content/repositories/central/org/apache/maven/plugins/maven-assembly-plugin/2.2-beta-5/maven-assembly-plugin-2.2-beta-5.pom
[WARNING] Failed to retrieve plugin descriptor for org.apache.maven.plugins:maven-assembly-plugin:2.2-beta-5: Plugin org.apache.maven.plugins:maven-assembly-plugin:2.2-beta-5 or one of its dependencies could not be resolved: Failed to read artifact descriptor for org.apache.maven.plugins:maven-assembly-plugin:jar:2.2-beta-5
[INFO]                                                                         
[INFO] ------------------------------------------------------------------------
[INFO] Building graphyQL-test 1.0-SNAPSHOT
[INFO] ------------------------------------------------------------------------
[WARNING] Failed to retrieve plugin descriptor for org.apache.maven.plugins:maven-assembly-plugin:2.2-beta-5: Plugin org.apache.maven.plugins:maven-assembly-plugin:2.2-beta-5 or one of its dependencies could not be resolved: Failed to read artifact descriptor for org.apache.maven.plugins:maven-assembly-plugin:jar:2.2-beta-5
[INFO] 
[INFO] --- maven-dependency-plugin:2.8:tree (default-cli) @ graphyQL-test ---
Downloading: http://mvn2.qdingnet.com/nexus/content/repositories/central/org/apache/apache/7/apache-7.pom
Downloading: http://mvn2.qdingnet.com/nexus/content/repositories/central/commons-collections/commons-collections/3.2/commons-collections-3.2.pom
Downloading: http://mvn2.qdingnet.com/nexus/content/repositories/central/commons-lang/commons-lang/2.6/commons-lang-2.6.pom
Downloading: http://mvn2.qdingnet.com/nexus/content/repositories/central/commons-collections/commons-collections/3.2.1/commons-collections-3.2.1.pom
[INFO] ------------------------------------------------------------------------
[INFO] BUILD FAILURE
[INFO] ------------------------------------------------------------------------
[INFO] Total time: 01:53 min
[INFO] Finished at: 2020-01-09T23:39:49+08:00
[INFO] Final Memory: 17M/160M
[INFO] ------------------------------------------------------------------------
[ERROR] Failed to execute goal org.apache.maven.plugins:maven-dependency-plugin:2.8:tree (default-cli) on project graphyQL-test: Execution default-cli of goal org.apache.maven.plugins:maven-dependency-plugin:2.8:tree failed: Plugin org.apache.maven.plugins:maven-dependency-plugin:2.8 or one of its dependencies could not be resolved: Failed to collect dependencies at org.apache.maven.plugins:maven-dependency-plugin:jar:2.8 -> org.apache.maven.reporting:maven-reporting-api:jar:3.0: Failed to read artifact descriptor for org.apache.maven.reporting:maven-reporting-api:jar:3.0: Could not transfer artifact org.apache:apache:pom:7 from/to central-proxy (http://mvn2.qdingnet.com/nexus/content/repositories/central): Connect to mvn2.qdingnet.com:80 [mvn2.qdingnet.com/10.37.253.30] failed: Connection timed out: connect -> [Help 1]
[ERROR] 
[ERROR] To see the full stack trace of the errors, re-run Maven with the -e switch.
[ERROR] Re-run Maven using the -X switch to enable full debug logging.
[ERROR] 
[ERROR] For more information about the errors and possible solutions, please read the following articles:
[ERROR] [Help 1] http://cwiki.apache.org/confluence/display/MAVEN/PluginResolutionException
